<?xml version="1.0" encoding="UTF-8"?>
<!-- Generated by org.testng.reporters.JUnitReportReporter -->
<testsuite hostname="DESKTOP-GRNHU1T" failures="0" tests="2" name="com.stepDef.SecondClass" time="0.005" errors="0" timestamp="2023-12-01T15:23:59 IST" skipped="0">
  <testcase classname="com.stepDef.SecondClass" name="tc30" time="0.003"/>
  <testcase classname="com.stepDef.SecondClass" name="tc20" time="0.002"/>
</testsuite> <!-- com.stepDef.SecondClass -->
