<?xml version="1.0" encoding="UTF-8"?>
<!-- Generated by org.testng.reporters.JUnitReportReporter -->
<testsuite hostname="DESKTOP-GRNHU1T" failures="0" tests="2" name="com.stepDef.ThirdClass" time="0.017" errors="0" timestamp="2023-12-01T15:23:59 IST" skipped="0">
  <testcase classname="com.stepDef.ThirdClass" name="tc200" time="0.013"/>
  <testcase classname="com.stepDef.ThirdClass" name="tc300" time="0.004"/>
</testsuite> <!-- com.stepDef.ThirdClass -->
